app/build/outputs/logs/manifest-merger-debug-report.txt
-- Merging decision tree log ---
manifest
ADDED from src/main/AndroidManifest.xml:2:1-72:12
	package
		ADDED from src/main/AndroidManifest.xml:3:5-34
		INJECTED from src/main/AndroidManifest.xml
		INJECTED from src/main/AndroidManifest.xml
	android:versionName
		ADDED from src/main/AndroidManifest.xml:5:5-30
		INJECTED from src/main/AndroidManifest.xml
		INJECTED from src/main/AndroidManifest.xml
	android:versionCode
		ADDED from src/main/AndroidManifest.xml:4:5-28
		INJECTED from src/main/AndroidManifest.xml
		INJECTED from src/main/AndroidManifest.xml
	xmlns:android
		ADDED from src/main/AndroidManifest.xml:2:11-69
uses-sdk
ADDED from src/main/AndroidManifest.xml:7:5-9:41
MERGED from [com.android.support:appcompat-v7:21.0.3] AndroidManifest.xml:15:5-42
MERGED from [com.android.support:support-v4:21.0.3] AndroidManifest.xml:15:5-42
MERGED from [com.android.support:support-v4:21.0.3] AndroidManifest.xml:15:5-42
	android:targetSdkVersion
		ADDED from src/main/AndroidManifest.xml:9:9-38
		INJECTED from src/main/AndroidManifest.xml
		INJECTED from src/main/AndroidManifest.xml
	android:minSdkVersion
		ADDED from src/main/AndroidManifest.xml:8:9-35
		INJECTED from src/main/AndroidManifest.xml
		INJECTED from src/main/AndroidManifest.xml
uses-permission#android.permission.ACCESS_FINE_LOCATION
ADDED from src/main/AndroidManifest.xml:11:5-79
	android:name
		ADDED from src/main/AndroidManifest.xml:11:22-76
uses-permission#android.permission.VIBRATE
ADDED from src/main/AndroidManifest.xml:12:5-66
	android:name
		ADDED from src/main/AndroidManifest.xml:12:22-63
uses-permission#android.permission.INTERNET
ADDED from src/main/AndroidManifest.xml:13:5-67
	android:name
		ADDED from src/main/AndroidManifest.xml:13:22-64
uses-permission#android.permission.SEND_SMS
ADDED from src/main/AndroidManifest.xml:14:5-67
	android:name
		ADDED from src/main/AndroidManifest.xml:14:22-64
uses-permission#android.permission.CAMERA
ADDED from src/main/AndroidManifest.xml:15:5-65
	android:name
		ADDED from src/main/AndroidManifest.xml:15:22-62
android:uses-permission#android.permission.WRITE_EXTERNAL_STORAGE
ADDED from src/main/AndroidManifest.xml:17:5-89
	android:name
		ADDED from src/main/AndroidManifest.xml:17:30-86
android:uses-permission#android.permission.READ_PHONE_STATE
ADDED from src/main/AndroidManifest.xml:18:5-83
	android:name
		ADDED from src/main/AndroidManifest.xml:18:30-80
android:uses-permission#android.permission.READ_EXTERNAL_STORAGE
ADDED from src/main/AndroidManifest.xml:19:5-88
	android:name
		ADDED from src/main/AndroidManifest.xml:19:30-85
application
ADDED from src/main/AndroidManifest.xml:21:5-70:19
MERGED from [com.android.support:appcompat-v7:21.0.3] AndroidManifest.xml:16:5-19
MERGED from [com.android.support:support-v4:21.0.3] AndroidManifest.xml:16:5-19
MERGED from [com.android.support:support-v4:21.0.3] AndroidManifest.xml:16:5-19
	android:label
		ADDED from src/main/AndroidManifest.xml:24:9-41
	android:allowBackup
		ADDED from src/main/AndroidManifest.xml:22:9-35
	android:icon
		ADDED from src/main/AndroidManifest.xml:23:9-45
	android:theme
		ADDED from src/main/AndroidManifest.xml:25:9-40
activity#com.example.traffic.MainActivity
ADDED from src/main/AndroidManifest.xml:26:9-34:20
	android:label
		ADDED from src/main/AndroidManifest.xml:28:13-45
	android:name
		ADDED from src/main/AndroidManifest.xml:27:13-41
intent-filter#android.intent.action.MAIN+android.intent.category.LAUNCHER
ADDED from src/main/AndroidManifest.xml:29:13-33:29
action#android.intent.action.MAIN
ADDED from src/main/AndroidManifest.xml:30:17-69
	android:name
		ADDED from src/main/AndroidManifest.xml:30:25-66
category#android.intent.category.LAUNCHER
ADDED from src/main/AndroidManifest.xml:32:17-77
	android:name
		ADDED from src/main/AndroidManifest.xml:32:27-74
activity#com.example.traffic.Loginpage
ADDED from src/main/AndroidManifest.xml:35:9-37:73
	android:label
		ADDED from src/main/AndroidManifest.xml:37:13-61
	android:name
		ADDED from src/main/AndroidManifest.xml:36:13-38
activity#com.example.traffic.Registrationpage
ADDED from src/main/AndroidManifest.xml:38:9-40:80
	android:label
		ADDED from src/main/AndroidManifest.xml:40:13-68
	android:name
		ADDED from src/main/AndroidManifest.xml:39:13-45
activity#com.example.traffic.HomePage
ADDED from src/main/AndroidManifest.xml:41:9-43:73
	android:label
		ADDED from src/main/AndroidManifest.xml:43:13-61
	android:name
		ADDED from src/main/AndroidManifest.xml:42:13-37
activity#com.example.traffic.FileFine
ADDED from src/main/AndroidManifest.xml:44:9-46:73
	android:label
		ADDED from src/main/AndroidManifest.xml:46:13-61
	android:name
		ADDED from src/main/AndroidManifest.xml:45:13-37
activity#com.example.traffic.FindOwner
ADDED from src/main/AndroidManifest.xml:47:9-49:74
	android:label
		ADDED from src/main/AndroidManifest.xml:49:13-62
	android:name
		ADDED from src/main/AndroidManifest.xml:48:13-38
activity#com.example.traffic.CameraTestActivity
ADDED from src/main/AndroidManifest.xml:50:9-65
	android:name
		ADDED from src/main/AndroidManifest.xml:50:19-53
activity#com.example.traffic.Searchdetail
ADDED from src/main/AndroidManifest.xml:51:9-59
	android:name
		ADDED from src/main/AndroidManifest.xml:51:19-47
activity#com.example.traffic.SearchQrCode
ADDED from src/main/AndroidManifest.xml:52:9-54:78
	android:label
		ADDED from src/main/AndroidManifest.xml:54:13-66
	android:name
		ADDED from src/main/AndroidManifest.xml:53:13-41
activity#com.example.traffic.History
ADDED from src/main/AndroidManifest.xml:55:9-54
	android:name
		ADDED from src/main/AndroidManifest.xml:55:19-42
activity#com.example.traffic.Add_Traffic
ADDED from src/main/AndroidManifest.xml:56:9-58:76
	android:label
		ADDED from src/main/AndroidManifest.xml:58:13-64
	android:name
		ADDED from src/main/AndroidManifest.xml:57:13-40
activity#com.example.traffic.Traffic_page
ADDED from src/main/AndroidManifest.xml:59:9-61:76
	android:label
		ADDED from src/main/AndroidManifest.xml:61:13-64
	android:name
		ADDED from src/main/AndroidManifest.xml:60:13-41
activity#com.example.traffic.MyLocation
ADDED from src/main/AndroidManifest.xml:62:9-57
	android:name
		ADDED from src/main/AndroidManifest.xml:62:19-45
activity#com.example.traffic.SettingPage
ADDED from src/main/AndroidManifest.xml:63:9-65:76
	android:label
		ADDED from src/main/AndroidManifest.xml:65:13-64
	android:name
		ADDED from src/main/AndroidManifest.xml:64:13-40
activity#com.example.traffic.BreakdownPage
ADDED from src/main/AndroidManifest.xml:66:9-68:78
	android:label
		ADDED from src/main/AndroidManifest.xml:68:13-66
	android:name
		ADDED from src/main/AndroidManifest.xml:67:13-42
activity#com.example.traffic.MailActivity
ADDED from src/main/AndroidManifest.xml:69:9-59
	android:name
		ADDED from src/main/AndroidManifest.xml:69:19-47